<?xml version="1.0" encoding="UTF-8"?>
<testsuite name="com.example.project.TestSearch" tests="8" skipped="0" failures="0" errors="0" timestamp="2025-02-23T21:50:46" hostname="codespaces-a57947" time="0.056">
  <properties/>
  <testcase name="testLinearSearchFoundList()" classname="com.example.project.TestSearch" time="0.005"/>
  <testcase name="testLinearSearchFirstArrayList()" classname="com.example.project.TestSearch" time="0.003"/>
  <testcase name="testLinearSearchFoundArray()" classname="com.example.project.TestSearch" time="0.001"/>
  <testcase name="testLinearSearchCountList()" classname="com.example.project.TestSearch" time="0.001"/>
  <testcase name="testLinearSearchCountArray()" classname="com.example.project.TestSearch" time="0.001"/>
  <testcase name="testLinearSearchLastArray()" classname="com.example.project.TestSearch" time="0.001"/>
  <testcase name="testLinearSearchFirstArray()" classname="com.example.project.TestSearch" time="0.013"/>
  <testcase name="testLinearSearchLastList()" classname="com.example.project.TestSearch" time="0.004"/>
  <system-out><![CDATA[]]></system-out>
  <system-err><![CDATA[]]></system-err>
</testsuite>
